2022-10-28T01:10:43: PM2 log: ===============================================================================
2022-10-28T01:10:43: PM2 log: --- New PM2 Daemon started ----------------------------------------------------
2022-10-28T01:10:43: PM2 log: Time                 : Fri Oct 28 2022 01:10:43 GMT+0000 (Coordinated Universal Time)
2022-10-28T01:10:43: PM2 log: PM2 version          : 5.2.2
2022-10-28T01:10:43: PM2 log: Node.js version      : 19.0.0
2022-10-28T01:10:43: PM2 log: Current arch         : x64
2022-10-28T01:10:43: PM2 log: PM2 home             : /home/ubuntu/.pm2
2022-10-28T01:10:43: PM2 log: PM2 PID file         : /home/ubuntu/.pm2/pm2.pid
2022-10-28T01:10:43: PM2 log: RPC socket file      : /home/ubuntu/.pm2/rpc.sock
2022-10-28T01:10:43: PM2 log: BUS socket file      : /home/ubuntu/.pm2/pub.sock
2022-10-28T01:10:43: PM2 log: Application log path : /home/ubuntu/.pm2/logs
2022-10-28T01:10:43: PM2 log: Worker Interval      : 30000
2022-10-28T01:10:43: PM2 log: Process dump file    : /home/ubuntu/.pm2/dump.pm2
2022-10-28T01:10:43: PM2 log: Concurrent actions   : 2
2022-10-28T01:10:43: PM2 log: SIGTERM timeout      : 1600
2022-10-28T01:10:43: PM2 log: ===============================================================================
2022-10-28T01:10:43: PM2 log: App [node:0] starting in -fork mode-
2022-10-28T01:10:43: PM2 log: App [node:0] online
2022-10-28T01:10:43: PM2 log: App [server:1] starting in -fork mode-
2022-10-28T01:10:43: PM2 log: App [server:1] online
2022-10-28T01:16:52: PM2 log: Stopping app:node id:0
2022-10-28T01:16:52: PM2 log: App [node:0] exited with code [0] via signal [SIGINT]
2022-10-28T01:16:52: PM2 log: pid=7652 msg=process killed
2022-10-28T01:16:52: PM2 log: App [node:0] starting in -fork mode-
2022-10-28T01:16:52: PM2 log: App [node:0] online
2022-10-28T08:40:17: PM2 log: pm2 has been killed by signal, dumping process list before exit...
2022-10-28T08:40:17: PM2 log: Deleting process 0
2022-10-28T08:40:17: PM2 log: Stopping app:node id:0
2022-10-28T08:40:17: PM2 log: App [server:1] exited with code [0] via signal [SIGHUP]
2022-10-28T08:40:17: PM2 log: App [node:0] exited with code [0] via signal [SIGTERM]
2022-10-28T08:40:17: PM2 log: App [server:1] starting in -fork mode-
2022-10-28T08:40:17: PM2 log: App [server:1] online
2022-10-28T08:40:18: PM2 log: pid=8205 msg=process killed
2022-10-28T08:40:18: PM2 log: Deleting process 1
2022-10-28T08:40:18: PM2 log: Stopping app:server id:1
2022-10-28T08:40:18: PM2 log: App [server:1] exited with code [0] via signal [SIGINT]
2022-10-28T08:40:18: PM2 log: pid=18199 msg=process killed
2022-10-28T08:40:18: PM2 log: Exited peacefully
