0 verbose cli /usr/bin/node /usr/bin/npm
1 info using npm@8.19.2
2 info using node@v16.18.0
3 timing npm:load:whichnode Completed in 0ms
4 timing config:load:defaults Completed in 2ms
5 timing config:load:file:/usr/lib/node_modules/npm/npmrc Completed in 14ms
6 timing config:load:builtin Completed in 15ms
7 timing config:load:cli Completed in 1ms
8 timing config:load:env Completed in 1ms
9 timing config:load:project Completed in 7ms
10 timing config:load:file:/home/ubuntu/.npmrc Completed in 0ms
11 timing config:load:user Completed in 0ms
12 timing config:load:file:/usr/etc/npmrc Completed in 1ms
13 timing config:load:global Completed in 1ms
14 timing config:load:validate Completed in 0ms
15 timing config:load:credentials Completed in 1ms
16 timing config:load:setEnvs Completed in 1ms
17 timing config:load Completed in 29ms
18 timing npm:load:configload Completed in 29ms
19 timing npm:load:mkdirpcache Completed in 2ms
20 timing npm:load:mkdirplogs Completed in 0ms
21 verbose title npm i
22 verbose argv "i"
23 timing npm:load:setTitle Completed in 1ms
24 timing config:load:flatten Completed in 3ms
25 timing npm:load:display Completed in 5ms
26 verbose logfile logs-max:10 dir:/home/ubuntu/.npm/_logs
27 verbose logfile /home/ubuntu/.npm/_logs/2022-10-28T01_08_24_915Z-debug-0.log
28 timing npm:load:logFile Completed in 6ms
29 timing npm:load:timers Completed in 0ms
30 timing npm:load:configScope Completed in 0ms
31 timing npm:load Completed in 46ms
32 timing arborist:ctor Completed in 1ms
33 silly logfile start cleaning logs, removing 1 files
34 silly logfile done cleaning log files
35 timing idealTree:init Completed in 232ms
36 timing idealTree:userRequests Completed in 1ms
37 silly idealTree buildDeps
38 timing idealTree:#root Completed in 0ms
39 timing idealTree:buildDeps Completed in 2ms
40 timing idealTree:fixDepFlags Completed in 0ms
41 timing idealTree Completed in 240ms
42 verbose shrinkwrap failed to load node_modules/.package-lock.json missing from lockfile: node_modules/node/node_modules/node-bin-setup
43 timing reify:loadTrees Completed in 566ms
44 timing reify:diffTrees Completed in 22ms
45 silly reify mark retired [
45 silly reify   '/home/ubuntu/node_modules/node/node_modules/node-linux-x64',
45 silly reify   '/home/ubuntu/node_modules/node/node_modules/.bin/node'
45 silly reify ]
46 silly reify mark retired [ '/home/ubuntu/node_modules/node/node_modules/node-bin-setup' ]
47 silly reify moves {
47 silly reify   '/home/ubuntu/node_modules/node/node_modules/node-linux-x64': '/home/ubuntu/node_modules/node/node_modules/.node-linux-x64-ladYxCIM',
47 silly reify   '/home/ubuntu/node_modules/node/node_modules/.bin/node': '/home/ubuntu/node_modules/node/node_modules/.bin/.node-RqMwKldb',
47 silly reify   '/home/ubuntu/node_modules/node/node_modules/node-bin-setup': '/home/ubuntu/node_modules/node/node_modules/.node-bin-setup-T8574DKY'
47 silly reify }
48 timing reify:retireShallow Completed in 8ms
49 timing reify:createSparse Completed in 1ms
50 timing reify:loadBundles Completed in 0ms
51 silly audit bulk request {
51 silly audit   '@mapbox/node-pre-gyp': [ '1.0.10' ],
51 silly audit   nopt: [ '5.0.0', '1.0.10' ],
51 silly audit   semver: [ '7.3.8', '6.3.0', '5.7.1', '7.0.0' ],
51 silly audit   '@types/debug': [ '4.1.7' ],
51 silly audit   '@types/ms': [ '0.7.31' ],
51 silly audit   '@types/node': [ '18.8.4' ],
51 silly audit   '@types/validator': [ '13.7.7' ],
51 silly audit   abbrev: [ '1.1.1' ],
51 silly audit   accepts: [ '1.3.8' ],
51 silly audit   'agent-base': [ '6.0.2' ],
51 silly audit   debug: [ '4.3.4', '2.6.9', '3.2.7' ],
51 silly audit   ms: [ '2.1.2', '2.0.0', '2.1.3' ],
51 silly audit   'ansi-regex': [ '5.0.1' ],
51 silly audit   anymatch: [ '3.1.2' ],
51 silly audit   'append-field': [ '1.0.0' ],
51 silly audit   aproba: [ '2.0.0' ],
51 silly audit   'are-we-there-yet': [ '2.0.0' ],
51 silly audit   'array-flatten': [ '1.1.1' ],
51 silly audit   'asn1.js': [ '5.4.1' ],
51 silly audit   bagpipe: [ '0.3.5' ],
51 silly audit   'balanced-match': [ '1.0.2' ],
51 silly audit   bcrypt: [ '5.1.0' ],
51 silly audit   'binary-extensions': [ '2.2.0' ],
51 silly audit   'bn.js': [ '4.12.0' ],
51 silly audit   'body-parser': [ '1.20.1' ],
51 silly audit   'brace-expansion': [ '1.1.11' ],
51 silly audit   braces: [ '3.0.2' ],
51 silly audit   'buffer-equal-constant-time': [ '1.0.1' ],
51 silly audit   'buffer-from': [ '1.1.2' ],
51 silly audit   busboy: [ '1.6.0' ],
51 silly audit   bytes: [ '3.1.2' ],
51 silly audit   'call-bind': [ '1.0.2' ],
51 silly audit   chokidar: [ '3.5.3' ],
51 silly audit   chownr: [ '2.0.0' ],
51 silly audit   'color-support': [ '1.1.3' ],
51 silly audit   'concat-map': [ '0.0.1' ],
51 silly audit   'concat-stream': [ '1.6.2' ],
51 silly audit   'readable-stream': [ '2.3.7', '3.6.0' ],
51 silly audit   'safe-buffer': [ '5.1.2', '5.2.1' ],
51 silly audit   string_decoder: [ '1.1.1', '1.3.0' ],
51 silly audit   'console-control-strings': [ '1.1.0' ],
51 silly audit   'content-disposition': [ '0.5.4' ],
51 silly audit   'content-type': [ '1.0.4' ],
51 silly audit   cookie: [ '0.5.0', '0.4.2' ],
51 silly audit   'cookie-signature': [ '1.0.6' ],
51 silly audit   'core-util-is': [ '1.0.3' ],
51 silly audit   cors: [ '2.8.5' ],
51 silly audit   delegates: [ '1.0.0' ],
51 silly audit   denque: [ '2.1.0' ],
51 silly audit   depd: [ '2.0.0' ],
51 silly audit   destroy: [ '1.2.0' ],
51 silly audit   'detect-libc': [ '2.0.1' ],
51 silly audit   'dom-serializer': [ '2.0.0' ],
51 silly audit   domelementtype: [ '2.3.0' ],
51 silly audit   domhandler: [ '5.0.3' ],
51 silly audit   domutils: [ '3.0.1' ],
51 silly audit   dotenv: [ '16.0.3' ],
51 silly audit   dottie: [ '2.0.2' ],
51 silly audit   'ecdsa-sig-formatter': [ '1.0.11' ],
51 silly audit   'ee-first': [ '1.1.1' ],
51 silly audit   'emoji-regex': [ '8.0.0' ],
51 silly audit   encodeurl: [ '1.0.2' ],
51 silly audit   entities: [ '4.4.0' ],
51 silly audit   'escape-html': [ '1.0.3' ],
51 silly audit   etag: [ '1.8.1' ],
51 silly audit   express: [ '4.18.2' ],
51 silly audit   'express-session': [ '1.17.3' ],
51 silly audit   'fill-range': [ '7.0.1' ],
51 silly audit   finalhandler: [ '1.2.0' ],
51 silly audit   forwarded: [ '0.2.0' ],
51 silly audit   fresh: [ '0.5.2' ],
51 silly audit   'fs-extra': [ '8.1.0' ],
51 silly audit   'fs-minipass': [ '2.1.0' ],
51 silly audit   'fs.realpath': [ '1.0.0' ],
51 silly audit   fsevents: [ '2.3.2' ],
51 silly audit   'function-bind': [ '1.1.1' ],
51 silly audit   gauge: [ '3.0.2' ],
51 silly audit   'generate-function': [ '2.3.1' ],
51 silly audit   'get-intrinsic': [ '1.1.3' ],
51 silly audit   glob: [ '7.2.3' ],
51 silly audit   'glob-parent': [ '5.1.2' ],
51 silly audit   'graceful-fs': [ '4.2.10' ],
51 silly audit   has: [ '1.0.3' ],
51 silly audit   'has-flag': [ '3.0.0' ],
51 silly audit   'has-symbols': [ '1.0.3' ],
51 silly audit   'has-unicode': [ '2.0.1' ],
51 silly audit   'html-dom-parser': [ '3.1.2' ],
51 silly audit   'html-react-parser': [ '3.0.4' ],
51 silly audit   htmlparser2: [ '8.0.1' ],
51 silly audit   'http-errors': [ '2.0.0' ],
51 silly audit   'https-proxy-agent': [ '5.0.1' ],
51 silly audit   'iconv-lite': [ '0.4.24', '0.6.3' ],
51 silly audit   'ignore-by-default': [ '1.0.1' ],
51 silly audit   imurmurhash: [ '0.1.4' ],
51 silly audit   inflection: [ '1.13.4' ],
51 silly audit   inflight: [ '1.0.6' ],
51 silly audit   inherits: [ '2.0.4' ],
51 silly audit   'inline-style-parser': [ '0.1.1' ],
51 silly audit   'ipaddr.js': [ '1.9.1' ],
51 silly audit   'is-binary-path': [ '2.1.0' ],
51 silly audit   'is-extglob': [ '2.1.1' ],
51 silly audit   'is-fullwidth-code-point': [ '3.0.0' ],
51 silly audit   'is-glob': [ '4.0.3' ],
51 silly audit   'is-number': [ '7.0.0' ],
51 silly audit   'is-property': [ '1.0.2' ],
51 silly audit   'is-typedarray': [ '1.0.0' ],
51 silly audit   isarray: [ '1.0.0' ],
51 silly audit   'js-tokens': [ '4.0.0' ],
51 silly audit   jsonfile: [ '4.0.0' ],
51 silly audit   jsonwebtoken: [ '8.5.1' ],
51 silly audit   jwa: [ '1.4.1' ],
51 silly audit   jws: [ '3.2.2' ],
51 silly audit   kruptein: [ '2.2.3' ],
51 silly audit   lodash: [ '4.17.21' ],
51 silly audit   'lodash.includes': [ '4.3.0' ],
51 silly audit   'lodash.isboolean': [ '3.0.3' ],
51 silly audit   'lodash.isinteger': [ '4.0.4' ],
51 silly audit   'lodash.isnumber': [ '3.0.3' ],
51 silly audit   'lodash.isplainobject': [ '4.0.6' ],
51 silly audit   'lodash.isstring': [ '4.0.1' ],
51 silly audit   'lodash.once': [ '4.1.1' ],
51 silly audit   long: [ '4.0.0' ],
51 silly audit   'loose-envify': [ '1.4.0' ],
51 silly audit   'lru-cache': [ '6.0.0', '4.1.5' ],
51 silly audit   'make-dir': [ '3.1.0' ],
51 silly audit   'media-typer': [ '0.3.0' ],
51 silly audit   'merge-descriptors': [ '1.0.1' ],
51 silly audit   methods: [ '1.1.2' ],
51 silly audit   mime: [ '1.6.0' ],
51 silly audit   'mime-db': [ '1.52.0' ],
51 silly audit   'mime-types': [ '2.1.35' ],
51 silly audit   'minimalistic-assert': [ '1.0.1' ],
51 silly audit   minimatch: [ '3.1.2' ],
51 silly audit   minimist: [ '1.2.7' ],
51 silly audit   minipass: [ '3.3.4' ],
51 silly audit   minizlib: [ '2.1.2' ],
51 silly audit   mkdirp: [ '1.0.4', '0.5.6' ],
51 silly audit   moment: [ '2.29.4' ],
51 silly audit   'moment-timezone': [ '0.5.37' ],
51 silly audit   multer: [ '1.4.5-lts.1' ],
51 silly audit   mysql2: [ '2.3.3' ],
51 silly audit   'named-placeholders': [ '1.1.2' ],
51 silly audit   yallist: [ '2.1.2', '4.0.0' ],
51 silly audit   negotiator: [ '0.6.3' ],
51 silly audit   node: [ '19.0.0' ],
51 silly audit   'node-addon-api': [ '5.0.0' ],
51 silly audit   'node-bin-setup': [ '1.1.3' ],
51 silly audit   'node-fetch': [ '2.6.7' ],
51 silly audit   'node.js': [ '0.0.1-security' ],
51 silly audit   nodemon: [ '2.0.20' ],
51 silly audit   'normalize-path': [ '3.0.0' ],
51 silly audit   npmlog: [ '5.0.1' ],
51 silly audit   'object-assign': [ '4.1.1' ],
51 silly audit   'object-inspect': [ '1.12.2' ],
51 silly audit   'on-finished': [ '2.4.1' ],
51 silly audit   'on-headers': [ '1.0.2' ],
51 silly audit   once: [ '1.4.0' ],
51 silly audit   parseurl: [ '1.3.3' ],
51 silly audit   'path-is-absolute': [ '1.0.1' ],
51 silly audit   'path-to-regexp': [ '0.1.7' ],
51 silly audit   'pg-connection-string': [ '2.5.0' ],
51 silly audit   picomatch: [ '2.3.1' ],
51 silly audit   'process-nextick-args': [ '2.0.1' ],
51 silly audit   'proxy-addr': [ '2.0.7' ],
51 silly audit   pseudomap: [ '1.0.2' ],
51 silly audit   'pstree.remy': [ '1.1.8' ],
51 silly audit   qs: [ '6.11.0' ],
51 silly audit   'random-bytes': [ '1.0.0' ],
51 silly audit   'range-parser': [ '1.2.1' ],
51 silly audit   'raw-body': [ '2.5.1' ],
51 silly audit   react: [ '18.2.0' ],
51 silly audit   'react-property': [ '2.0.0' ],
51 silly audit   readdirp: [ '3.6.0' ],
51 silly audit   retry: [ '0.12.0' ],
51 silly audit   'retry-as-promised': [ '6.1.0' ],
51 silly audit   rimraf: [ '3.0.2' ],
51 silly audit   'safer-buffer': [ '2.1.2' ],
51 silly audit   send: [ '0.18.0' ],
51 silly audit   'seq-queue': [ '0.0.5' ],
51 silly audit   sequelize: [ '6.25.0' ],
51 silly audit   'sequelize-pool': [ '7.1.0' ],
51 silly audit   'serve-static': [ '1.15.0' ],
51 silly audit   'session-file-store': [ '1.5.0' ],
51 silly audit   'set-blocking': [ '2.0.0' ],
51 silly audit   setprototypeof: [ '1.2.0' ],
51 silly audit   'side-channel': [ '1.0.4' ],
51 silly audit   'signal-exit': [ '3.0.7' ],
51 silly audit   'simple-update-notifier': [ '1.0.7' ],
51 silly audit   sqlstring: [ '2.3.3' ],
51 silly audit   statuses: [ '2.0.1' ],
51 silly audit   streamsearch: [ '1.1.0' ],
51 silly audit   'string-width': [ '4.2.3' ],
51 silly audit   'strip-ansi': [ '6.0.1' ],
51 silly audit   'style-to-js': [ '1.1.1' ],
51 silly audit   'style-to-object': [ '0.3.0' ],
51 silly audit   'supports-color': [ '5.5.0' ],
51 silly audit   tar: [ '6.1.11' ],
51 silly audit   'to-regex-range': [ '5.0.1' ],
51 silly audit   toidentifier: [ '1.0.1' ],
51 silly audit   'toposort-class': [ '1.0.1' ],
51 silly audit   touch: [ '3.1.0' ],
51 silly audit   tr46: [ '0.0.3' ],
51 silly audit   'type-is': [ '1.6.18' ],
51 silly audit   typedarray: [ '0.0.6' ],
51 silly audit   'typedarray-to-buffer': [ '3.1.5' ],
51 silly audit   'uid-safe': [ '2.1.5' ],
51 silly audit   undefsafe: [ '2.0.5' ],
51 silly audit   universalify: [ '0.1.2' ],
51 silly audit   unpipe: [ '1.0.0' ],
51 silly audit   'util-deprecate': [ '1.0.2' ],
51 silly audit   'utils-merge': [ '1.0.1' ],
51 silly audit   uuid: [ '8.3.2' ],
51 silly audit   validator: [ '13.7.0' ],
51 silly audit   vary: [ '1.1.2' ],
51 silly audit   'webidl-conversions': [ '3.0.1' ],
51 silly audit   'whatwg-url': [ '5.0.0' ],
51 silly audit   'wide-align': [ '1.1.5' ],
51 silly audit   wkx: [ '0.5.0' ],
51 silly audit   wrappy: [ '1.0.2' ],
51 silly audit   'write-file-atomic': [ '3.0.3' ],
51 silly audit   xtend: [ '4.0.2' ]
51 silly audit }
52 verbose reify failed optional dependency /home/ubuntu/node_modules/fsevents
53 silly reify mark deleted [ '/home/ubuntu/node_modules/fsevents' ]
54 timing reifyNode:node_modules/fsevents Completed in 33ms
55 timing reify:unpack Completed in 33ms
56 timing reify:unretire Completed in 1ms
57 timing build:queue Completed in 5ms
58 timing build:deps Completed in 6ms
59 timing build Completed in 6ms
60 timing reify:build Completed in 6ms
61 http fetch POST 200 https://registry.npmjs.org/-/npm/v1/security/advisories/bulk 499ms
62 timing auditReport:getReport Completed in 504ms
63 silly audit report {}
64 timing auditReport:init Completed in 0ms
65 timing reify:audit Completed in 505ms
66 timing reify:trash Completed in 546ms
67 timing reify:save Completed in 70ms
68 timing reify Completed in 1324ms
69 silly ADD
70 silly REMOVE node_modules/node/node_modules/node-bin-setup
71 silly REMOVE node_modules/node/node_modules/node-linux-x64
72 timing command:i Completed in 1337ms
73 verbose exit 0
74 timing npm Completed in 1617ms
75 info ok
